This is pdfTeX, Version 3.1415926-1.40.11 (TeX Live 2010) (format=pdflatex 2011.7.17)  25 JUN 2012 02:12
entering extended mode
 restricted \write18 enabled.
 %&-line parsing enabled.
**Larios_Paper_Template.tex
(./Larios_Paper_Template.tex
LaTeX2e <2009/09/24>
Babel <v3.8l> and hyphenation patterns for english, dumylang, nohyphenation, ge
rman-x-2009-06-19, ngerman-x-2009-06-19, ancientgreek, ibycus, arabic, armenian
, basque, bulgarian, catalan, pinyin, coptic, croatian, czech, danish, dutch, u
kenglish, usenglishmax, esperanto, estonian, farsi, finnish, french, galician, 
german, ngerman, swissgerman, monogreek, greek, hungarian, icelandic, assamese,
 bengali, gujarati, hindi, kannada, malayalam, marathi, oriya, panjabi, tamil, 
telugu, indonesian, interlingua, irish, italian, kurmanji, lao, latin, latvian,
 lithuanian, mongolian, mongolianlmc, bokmal, nynorsk, polish, portuguese, roma
nian, russian, sanskrit, serbian, slovak, slovenian, spanish, swedish, turkish,
 turkmen, ukrainian, uppersorbian, welsh, loaded.
(/usr/share/texmf/tex/latex/amscls/amsart.cls
Document Class: amsart 2009/07/02 v2.20.1
\linespacing=\dimen102
\normalparindent=\dimen103
\normaltopskip=\skip41
(/usr/share/texmf/tex/latex/amsmath/amsmath.sty
Package: amsmath 2000/07/18 v2.13 AMS math features
\@mathmargin=\skip42

For additional information on amsmath, use the `?' option.
(/usr/share/texmf/tex/latex/amsmath/amstext.sty
Package: amstext 2000/06/29 v2.01

(/usr/share/texmf/tex/latex/amsmath/amsgen.sty
File: amsgen.sty 1999/11/30 v2.0
\@emptytoks=\toks14
\ex@=\dimen104
))
(/usr/share/texmf/tex/latex/amsmath/amsbsy.sty
Package: amsbsy 1999/11/29 v1.2d
\pmbraise@=\dimen105
)
(/usr/share/texmf/tex/latex/amsmath/amsopn.sty
Package: amsopn 1999/12/14 v2.01 operator names
)
\inf@bad=\count79
LaTeX Info: Redefining \frac on input line 211.
\uproot@=\count80
\leftroot@=\count81
LaTeX Info: Redefining \overline on input line 307.
\classnum@=\count82
\DOTSCASE@=\count83
LaTeX Info: Redefining \ldots on input line 379.
LaTeX Info: Redefining \dots on input line 382.
LaTeX Info: Redefining \cdots on input line 467.
\Mathstrutbox@=\box26
\strutbox@=\box27
\big@size=\dimen106
LaTeX Font Info:    Redeclaring font encoding OML on input line 567.
LaTeX Font Info:    Redeclaring font encoding OMS on input line 568.
\macc@depth=\count84
\c@MaxMatrixCols=\count85
\dotsspace@=\muskip10
\c@parentequation=\count86
\dspbrk@lvl=\count87
\tag@help=\toks15
\row@=\count88
\column@=\count89
\maxfields@=\count90
\andhelp@=\toks16
\eqnshift@=\dimen107
\alignsep@=\dimen108
\tagshift@=\dimen109
\tagwidth@=\dimen110
\totwidth@=\dimen111
\lineht@=\dimen112
\@envbody=\toks17
\multlinegap=\skip43
\multlinetaggap=\skip44
\mathdisplay@stack=\toks18
LaTeX Info: Redefining \[ on input line 2666.
LaTeX Info: Redefining \] on input line 2667.
)
LaTeX Font Info:    Try loading font information for U+msa on input line 388.

(/usr/share/texmf/tex/latex/amsfonts/umsa.fd
File: umsa.fd 2009/06/22 v3.00 AMS symbols A
)
(/usr/share/texmf/tex/latex/amsfonts/amsfonts.sty
Package: amsfonts 2009/06/22 v3.00 Basic AMSFonts support
\symAMSa=\mathgroup4
\symAMSb=\mathgroup5
LaTeX Font Info:    Overwriting math alphabet `\mathfrak' in version `bold'
(Font)                  U/euf/m/n --> U/euf/b/n on input line 96.
)
\copyins=\insert233
\abstractbox=\box28
\listisep=\skip45
\c@part=\count91
\c@section=\count92
\c@subsection=\count93
\c@subsubsection=\count94
\c@paragraph=\count95
\c@subparagraph=\count96
\c@figure=\count97
\c@table=\count98
\abovecaptionskip=\skip46
\belowcaptionskip=\skip47
\captionindent=\dimen113
\thm@style=\toks19
\thm@bodyfont=\toks20
\thm@headfont=\toks21
\thm@notefont=\toks22
\thm@headpunct=\toks23
\thm@preskip=\skip48
\thm@postskip=\skip49
\thm@headsep=\skip50
\dth@everypar=\toks24
)
(/usr/share/texmf/tex/latex/amsfonts/amssymb.sty
Package: amssymb 2009/06/22 v3.00
)
(/usr/share/texmf/tex/latex/mh/mathtools.sty
Package: mathtools 2010/07/11 v1.08 mathematical typesetting tools (MH)

(/usr/share/texmf/tex/latex/graphics/keyval.sty
Package: keyval 1999/03/16 v1.13 key=value parser (DPC)
\KV@toks@=\toks25
)
(/usr/share/texmf/tex/latex/tools/calc.sty
Package: calc 2007/08/22 v4.3 Infix arithmetic (KKT,FJ)
\calc@Acount=\count99
\calc@Bcount=\count100
\calc@Adimen=\dimen114
\calc@Bdimen=\dimen115
\calc@Askip=\skip51
\calc@Bskip=\skip52
LaTeX Info: Redefining \setlength on input line 76.
LaTeX Info: Redefining \addtolength on input line 77.
\calc@Ccount=\count101
\calc@Cskip=\skip53
)
(/usr/share/texmf/tex/latex/graphics/graphicx.sty
Package: graphicx 1999/02/16 v1.0f Enhanced LaTeX Graphics (DPC,SPQR)

(/usr/share/texmf/tex/latex/graphics/graphics.sty
Package: graphics 2009/02/05 v1.0o Standard LaTeX Graphics (DPC,SPQR)

(/usr/share/texmf/tex/latex/graphics/trig.sty
Package: trig 1999/03/16 v1.09 sin cos tan (DPC)
)
(/usr/share/texmf/tex/latex/latexconfig/graphics.cfg
File: graphics.cfg 2010/04/23 v1.9 graphics configuration of TeX Live
)
Package graphics Info: Driver file: pdftex.def on input line 91.

(/usr/share/texmf/tex/latex/pdftex-def/pdftex.def
File: pdftex.def 2010/02/14 v0.04n Graphics/color for pdfTeX
\Gread@gobject=\count102
))
\Gin@req@height=\dimen116
\Gin@req@width=\dimen117
)
(/usr/share/texmf/tex/latex/mh/mhsetup.sty
Package: mhsetup 2010/01/21 v1.2a programming setup (MH)
)
\g_MT_multlinerow_int=\count103
\l_MT_multwidth_dim=\dimen118
)
(/usr/share/texmf/tex/latex/base/latexsym.sty
Package: latexsym 1998/08/17 v2.2e Standard LaTeX package (lasy symbols)
\symlasy=\mathgroup6
LaTeX Font Info:    Overwriting symbol font `lasy' in version `bold'
(Font)                  U/lasy/m/n --> U/lasy/b/n on input line 47.
)
(/usr/share/texmf/tex/latex/siunitx/siunitx.sty
(/usr/share/texmf/tex/latex/expl3/expl3.sty
(/usr/share/texmf/tex/latex/expl3/l3names.sty
Package: l3names 2010/07/11 v1981 L3 Experimental Naming Scheme for TeX Primiti
ves
)
Package: expl3 2010/07/13 v1982 L3 Experimental code bundle wrapper

(/usr/share/texmf/tex/latex/etex-pkg/etex.sty
Package: etex 1998/03/26 v2.0 eTeX basic definition package (PEB)
\et@xins=\count104
)
(/usr/share/texmf/tex/latex/expl3/l3basics.sty
Package: l3basics 2010/06/07 v1942 L3 Experimental basic definitions
)
(/usr/share/texmf/tex/latex/expl3/l3expan.sty
Package: l3expan 2010/06/10 v1948 L3 Experimental Argument Expansion module
)
(/usr/share/texmf/tex/latex/expl3/l3tl.sty
Package: l3tl 2010/05/22 v1919 L3 Experimental Token Lists
)
(/usr/share/texmf/tex/latex/expl3/l3intexpr.sty
Package: l3intexpr 2010/06/15 v1957 L3 Integer Expressions
)
(/usr/share/texmf/tex/latex/expl3/l3quark.sty
Package: l3quark 2010/03/21 v1853 L3 Experimental Quark Commands
)
(/usr/share/texmf/tex/latex/expl3/l3seq.sty
Package: l3seq 2010/03/29 v1879 L3 Experimental sequences and stacks
)
(/usr/share/texmf/tex/latex/expl3/l3toks.sty
Package: l3toks 2010/05/25 v1933 L3 Experimental Token Registers
\l_tmpb_toks=\toks26
\l_tmpc_toks=\toks27
\g_tmpa_toks=\toks28
\g_tmpb_toks=\toks29
\g_tmpc_toks=\toks30
\c_empty_toks=\toks31
\l_tl_replace_toks=\toks32
)
(/usr/share/texmf/tex/latex/expl3/l3int.sty
Package: l3int 2010/05/25 v1933 L3 Experimental Integer module
\l_tmpa_int=\count105
\l_tmpb_int=\count106
\l_tmpc_int=\count107
\g_tmpa_int=\count108
\g_tmpb_int=\count109
\c_max_int=\count110
\g_tl_inline_level_int=\count111
)
(/usr/share/texmf/tex/latex/expl3/l3prg.sty
Package: l3prg 2010/03/21 v1853 L3 Experimental control structures
\g_prg_inline_level_int=\count112
)
(/usr/share/texmf/tex/latex/expl3/l3clist.sty
Package: l3clist 2010/03/29 v1878 L3 Experimental comma separated lists
\g_clist_inline_level_int=\count113
)
(/usr/share/texmf/tex/latex/expl3/l3token.sty
Package: l3token 2010/04/11 v1890 L3 Experimental token investigation and manip
ulation
)
(/usr/share/texmf/tex/latex/expl3/l3prop.sty
Package: l3prop 2010/03/21 v1857 L3 Experimental Property Lists
\g_prop_inline_level_int=\count114
)
(/usr/share/texmf/tex/latex/expl3/l3msg.sty
Package: l3msg 2010/03/23 v1866 L3 Experimental LaTeX Messages module
\l_msg_redirect_classes_prop=\toks33
\l_msg_redirect_names_prop=\toks34
\l_msg_redirect_fatal_prop=\toks35
\l_msg_redirect_error_prop=\toks36
\l_msg_redirect_warning_prop=\toks37
\l_msg_redirect_info_prop=\toks38
\l_msg_redirect_log_prop=\toks39
\l_msg_redirect_trace_prop=\toks40
\l_msg_redirect_none_prop=\toks41
)
(/usr/share/texmf/tex/latex/expl3/l3io.sty
Package: l3io 2010/05/22 v1923 L3 Experimental i/o module
\g_iow_streams_prop=\toks42
\g_ior_streams_prop=\toks43
\l_iow_stream_int=\count115
)
(/usr/share/texmf/tex/latex/expl3/l3skip.sty
Package: l3skip 2010/05/25 v1933 L3 Experimental skip registers
\l_tmpa_skip=\skip54
\l_tmpb_skip=\skip55
\l_tmpc_skip=\skip56
\g_tmpa_skip=\skip57
\g_tmpb_skip=\skip58
\l_tmpa_dim=\dimen119
\l_tmpb_dim=\dimen120
\l_tmpc_dim=\dimen121
\l_tmpd_dim=\dimen122
\g_tmpa_dim=\dimen123
\g_tmpb_dim=\dimen124
)
(/usr/share/texmf/tex/latex/expl3/l3box.sty
Package: l3box 2010/05/22 v1919 L3 Experimental Box module
\l_tmpb_box=\box29
)
(/usr/share/texmf/tex/latex/expl3/l3keyval.sty
Package: l3keyval 2010/04/11 v1890 L3 Experimental keyval processing
\l_KV_level_int=\count116
)
(/usr/share/texmf/tex/latex/expl3/l3keys.sty
Package: l3keys 2010/05/24 v1931 L3 Experimental key-value support
\l_keys_choice_int=\count117
)
(/usr/share/texmf/tex/latex/expl3/l3precom.sty
Package: l3precom 2010/02/09 v1793 L3 Experimental precompilation module
\g_gen_sym_int=\count118
\g_ggen_sym_int=\count119
)
(/usr/share/texmf/tex/latex/expl3/l3xref.sty
Package: l3xref 2010/02/09 v1786 L3 Experimental cross referencing
\g_xref_all_curr_immediate_fields_prop=\toks44
\g_xref_all_curr_deferred_fields_prop=\toks45
)
(/usr/share/texmf/tex/latex/expl3/l3file.sty
Package: l3file 2010/03/21 v1853 L3 Experimental file loading
)
(/usr/share/texmf/tex/latex/expl3/l3fp.sty
Package: l3fp 2010/07/08 v1979 L3 Experimental floating-point operations
\l_fp_input_a_integer_int=\count120
\l_fp_input_a_decimal_int=\count121
\l_fp_input_b_integer_int=\count122
\l_fp_input_b_decimal_int=\count123
\l_fp_input_a_sign_int=\count124
\l_fp_input_b_sign_int=\count125
\l_fp_split_sign_int=\count126
\l_fp_mul_a_i_int=\count127
\l_fp_mul_a_ii_int=\count128
\l_fp_mul_a_iii_int=\count129
\l_fp_mul_a_iv_int=\count130
\l_fp_mul_a_v_int=\count131
\l_fp_mul_a_vi_int=\count132
\l_fp_mul_b_i_int=\count133
\l_fp_mul_b_ii_int=\count134
\l_fp_mul_b_iii_int=\count135
\l_fp_mul_b_iv_int=\count136
\l_fp_mul_b_v_int=\count137
\l_fp_mul_b_vi_int=\count138
\l_fp_mul_output_int=\count139
\l_fp_div_count_int=\count140
\l_fp_div_offset_int=\count141
\l_fp_output_sign_int=\count142
\l_fp_output_integer_int=\count143
\l_fp_output_decimal_int=\count144
\l_fp_round_discard_int=\count145
\l_fp_round_position_int=\count146
\l_fp_tmp_int=\count147
\c_one_hundred_million=\count148
\c_one_thousand_million=\count149
\l_fp_tmp_dim=\dimen125
\l_fp_round_precision_int=\count150
))
Package: siunitx 2010/07/15 v2.0n A comprehensive (SI) units package

(/usr/share/texmf/tex/latex/tools/array.sty
Package: array 2008/09/09 v2.4c Tabular extension package (FMi)
\col@sep=\dimen126
\extrarowheight=\dimen127
\NC@list=\toks46
\extratabsurround=\skip59
\backup@length=\skip60
)
(/usr/share/texmf/tex/latex/xpackages/xtras/l3keys2e.sty
Package: l3keys2e 2009/08/24 v1494 Parsing LaTeX3 keyvals as LaTeX2e package op
tions

(/usr/share/texmf/tex/latex/xpackages/xbase/xparse.sty
Package: xparse 2010/05/23 v1927 Generic document command parser
\c_xparse_shorthands_prop=\toks47
\l_xparse_m_args_int=\count151
\l_xparse_mandatory_args_int=\count152
\l_xparse_processor_int=\count153
\l_xparse_total_args_int=\count154
)
 LaTeX Info: Defining document command \ProcessKeysOptions
(LaTeX)  with arg. spec. 'm' on line 116.

 LaTeX Info: Defining document command \ProcessKeysPackageOptions
(LaTeX)  with arg. spec. 'm' on line 120.

)
\l_siunitx_tmp_box=\box30
\l_siunitx_tmp_int=\count155
\l_siunitx_number_in_prop=\toks48
\l_siunitx_round_int=\count156
\l_siunitx_process_decimal_int=\count157
\l_siunitx_process_uncertainty_int=\count158
\l_siunitx_process_precision_int=\count159
\l_siunitx_number_out_prop=\toks49
\l_siunitx_angle_marker_box=\box31
\l_siunitx_angle_unit_box=\box32
\l_siunitx_angle_marker_dim=\dimen128
\l_siunitx_angle_unit_dim=\dimen129
\l_siunitx_angle_degree_prop=\toks50
\l_siunitx_angle_minute_prop=\toks51
\l_siunitx_angle_second_prop=\toks52
\l_siunitx_unit_int=\count160
\l_siunitx_unit_prop=\toks53
\l_siunitx_unit_denominator_int=\count161
\l_siunitx_unit_numerator_int=\count162
\l_siunitx_unit_prefix_int=\count163
\l_siunitx_unit_prefix_base_int=\count164
\l_siunitx_unit_prefix_gram_int=\count165
\l_siunitx_number_product_int=\count166
\c_siunitx_one_fill_skip=\skip61
\c_siunitx_table_correction_skip=\skip62
\l_siunitx_table_unit_align_skip=\skip63
\l_siunitx_table_fill_box=\box33
\l_siunitx_table_fill_dim=\dimen130
\l_siunitx_table_pre_box=\box34
\l_siunitx_table_post_box=\box35
\l_siunitx_table_result_box=\box36
\l_siunitx_table_decimal_dim=\dimen131
\l_siunitx_table_exponent_dim=\dimen132
\l_siunitx_table_integer_dim=\dimen133
\l_siunitx_table_mantissa_dim=\dimen134
\l_siunitx_table_marker_dim=\dimen135
\l_siunitx_table_result_dim=\dimen136
\l_siunitx_table_uncert_dim=\dimen137
\l_siunitx_table_gap_dim=\dimen138
\l_siunitx_table_model_prop=\toks54
\l_siunitx_table_number_align_skip=\skip64
\l_siunitx_table_text_align_skip=\skip65
\l_siunitx_table_decimal_int=\count167
\l_siunitx_table_exponent_int=\count168
\l_siunitx_table_integer_int=\count169
\l_siunitx_table_uncert_int=\count170
 LaTeX Info: Defining document command \ang
(LaTeX)  with arg. spec. 'o>{\SplitArgument {2}{;}}m' on line 5629.

 LaTeX Info: Defining document command \num
(LaTeX)  with arg. spec. 'om' on line 5636.

 LaTeX Info: Defining document command \numlist
(LaTeX)  with arg. spec. 'o>{\SplitList {;}}m' on line 5643.

 LaTeX Info: Defining document command \numrange
(LaTeX)  with arg. spec. 'omm' on line 5650.

 LaTeX Info: Defining document command \si
(LaTeX)  with arg. spec. 'om' on line 5660.

 LaTeX Info: Defining document command \SIlist
(LaTeX)  with arg. spec. 'o>{\SplitList {;}}mm' on line 5670.

 LaTeX Info: Defining document command \SIrange
(LaTeX)  with arg. spec. 'ommm' on line 5680.

 LaTeX Info: Defining document command \SI
(LaTeX)  with arg. spec. 'omom' on line 5690.

 LaTeX Info: Defining document command \sisetup
(LaTeX)  with arg. spec. 'm' on line 5693.

 LaTeX Info: Defining document command \siunitx_bookmark_num:w
(LaTeX)  with arg. spec. 'om' on line 5729.

 LaTeX Info: Defining document command \siunitx_bookmark_numrange:w
(LaTeX)  with arg. spec. 'omm' on line 5731.

 LaTeX Info: Defining document command \siunitx_bookmark_si:w
(LaTeX)  with arg. spec. 'om' on line 5732.

 LaTeX Info: Defining document command \siunitx_bookmark_SI:w
(LaTeX)  with arg. spec. 'omom' on line 5734.

 LaTeX Info: Defining document command \siunitx_bookmark_SIrange:w
(LaTeX)  with arg. spec. 'ommm' on line 5736.

\g_ior_tmp_stream=\read1

(/usr/share/texmf/tex/latex/beamer/translator/translator.sty
Package: translator 2010/06/12 ver 1.10

(/usr/share/texmf/tex/latex/beamer/translator/translator-language-mappings.tex)
)) (/usr/share/texmf/tex/latex/tools/enumerate.sty
Package: enumerate 1999/03/05 v3.00 enumerate extensions (DPC)
\@enLab=\toks55
)
(/usr/share/texmf/tex/latex/cancel/cancel.sty
Package: cancel 2000/03/12 v2.1 Cancel math terms
)
(/usr/share/texmf/tex/latex/cases/cases.sty
Package: cases 2002/05/02 ver 2.5 
)
(/usr/share/texmf/tex/latex/mh/empheq.sty
Package: empheq 2007/12/03 v2.12 Emphasizing equations (MH)
\l_EQ_equationtype_int=\count171
\l_EQ_alignmentmode_int=\count172
\l_EQ_totalwidth_dim=\dimen139
\l_EQ_displaywidth_dim=\dimen140
\l_EQ_temp_linewidth_dim=\dimen141
\EmphEqdelimitershortfall=\dimen142
\EmphEqdelimiterfactor=\count173
\g_EQ_toptag_height_dim=\dimen143
\g_EQ_bottomtag_depth_dim=\dimen144
\g_EQ_toprow_height_dim=\dimen145
\g_EQ_bottomrow_depth_dim=\dimen146
\g_EQ_widesttag_dim=\dimen147
\EQ_mathdisplay_box=\box37
\EQ_tag_box=\box38
\g_EQ_temprow_int=\count174
)
(/usr/share/texmf/tex/latex/tools/multicol.sty
Package: multicol 2008/12/05 v1.6h multicolumn formatting (FMi)
\c@tracingmulticols=\count175
\mult@box=\box39
\multicol@leftmargin=\dimen148
\c@unbalance=\count176
\c@collectmore=\count177
\doublecol@number=\count178
\multicoltolerance=\count179
\multicolpretolerance=\count180
\full@width=\dimen149
\page@free=\dimen150
\premulticols=\dimen151
\postmulticols=\dimen152
\multicolsep=\skip66
\multicolbaselineskip=\skip67
\partial@page=\box40
\last@line=\box41
\mult@rightbox=\box42
\mult@grightbox=\box43
\mult@gfirstbox=\box44
\mult@firstbox=\box45
\@tempa=\box46
\@tempa=\box47
\@tempa=\box48
\@tempa=\box49
\@tempa=\box50
\@tempa=\box51
\@tempa=\box52
\@tempa=\box53
\@tempa=\box54
\@tempa=\box55
\@tempa=\box56
\@tempa=\box57
\@tempa=\box58
\@tempa=\box59
\@tempa=\box60
\@tempa=\box61
\@tempa=\box62
\c@columnbadness=\count181
\c@finalcolumnbadness=\count182
\last@try=\dimen153
\multicolovershoot=\dimen154
\multicolundershoot=\dimen155
\mult@nat@firstbox=\box63
\colbreak@box=\box64
)
(/usr/share/texmf/tex/latex/wrapfig/wrapfig.sty
\wrapoverhang=\dimen156
\WF@size=\dimen157
\c@WF@wrappedlines=\count183
\WF@box=\box65
\WF@everypar=\toks56
Package: wrapfig 2003/01/31  v 3.6
)
(/usr/share/texmf/tex/latex/graphics/color.sty
Package: color 2005/11/14 v1.0j Standard LaTeX Color (DPC)

(/usr/share/texmf/tex/latex/latexconfig/color.cfg
File: color.cfg 2007/01/18 v1.5 color configuration of teTeX/TeXLive
)
Package color Info: Driver file: pdftex.def on input line 130.
)
(/usr/share/texmf/tex/latex/todonotes/todonotes.sty
Package: todonotes 2009/12/25 .dtx Todonotes source and documentation.
Package: todonotes 2009/04/02

(/usr/share/texmf/tex/latex/base/ifthen.sty
Package: ifthen 2001/05/26 v1.1c Standard LaTeX ifthen package (DPC)
)
(/usr/share/texmf/tex/latex/xkeyval/xkeyval.sty
Package: xkeyval 2008/08/13 v2.6a package option processing (HA)

(/usr/share/texmf/tex/generic/xkeyval/xkeyval.tex
\XKV@toks=\toks57
\XKV@tempa@toks=\toks58
\XKV@depth=\count184
File: xkeyval.tex 2008/08/13 v2.6a key=value parser (HA)
))
(/u/alarios2/texmf/tex/latex/xcolor/xcolor/xcolor.sty
Package: xcolor 2004/07/04 v2.00 LaTeX color extensions (UK)

(/usr/share/texmf/tex/latex/latexconfig/color.cfg
File: color.cfg 2007/01/18 v1.5 color configuration of teTeX/TeXLive
)
Package xcolor Info: Driver file: pdftex.def on input line 136.
LaTeX Info: Redefining \color on input line 494.
Package xcolor Info: Color model `cmy' added on input line 972.
Package xcolor Info: Color model `hsb' added on input line 980.
Package xcolor Info: Color model `HTML' added on input line 1000.
Package xcolor Info: Color model `HSB' added on input line 1006.
Package xcolor Info: Color model `Gray' added on input line 1012.
)
(/u/alarios2/texmf/tex/latex/pgf/pgf-1.01/latex/pgf/frontendlayer/tikz.sty
(/u/alarios2/texmf/tex/latex/pgf/pgf-1.01/latex/pgf/basiclayer/pgf.sty
(/u/alarios2/texmf/tex/latex/pgf/pgf-1.01/latex/pgf/utilities/pgfrcs.sty
(/u/alarios2/texmf/tex/latex/pgf/pgf-1.01/generic/pgf/utilities/pgfrcs.code.tex
Package: pgfrcs 2005/11/14 v1.01 (rcs-revision 1.8)
))
Package: pgf 2005/10/25 v1.01 (rcs-revision 1.5)
 (/u/alarios2/texmf/tex/latex/pgf/pgf-1.01/latex/pgf/basiclayer/pgfcore.sty
(/u/alarios2/texmf/tex/latex/pgf/pgf-1.01/latex/pgf/systemlayer/pgfsys.sty
(/u/alarios2/texmf/tex/latex/pgf/pgf-1.01/generic/pgf/systemlayer/pgfsys.code.te
x
Package: pgfsys 2005/10/18 v1.01 (rcs-revision 1.9)
\pgf@x=\dimen158
\pgf@y=\dimen159
\pgf@xa=\dimen160
\pgf@ya=\dimen161
\pgf@xb=\dimen162
\pgf@yb=\dimen163
\pgf@xc=\dimen164
\pgf@yc=\dimen165
 (/u/alarios2/texmf/tex/latex/pgf/pgf-1.01/generic/pgf/systemlayer/pgf.cfg
File: pgf.cfg 2005/06/29 (rcs-revision 1.1.1.1)
)
Package pgfsys Info: Driver file for pgf: pgfsys-pdftex.def on input line 759.

(/u/alarios2/texmf/tex/latex/pgf/pgf-1.01/generic/pgf/systemlayer/pgfsys-pdftex.
def
File: pgfsys-pdftex.def 2005/10/06 (rcs-revision 1.4)

(/u/alarios2/texmf/tex/latex/pgf/pgf-1.01/generic/pgf/systemlayer/pgfsys-common-
pdf.def
File: pgfsys-common-pdf.def 2005/10/18 (rcs-revision 1.4)
)))
(/u/alarios2/texmf/tex/latex/pgf/pgf-1.01/generic/pgf/systemlayer/pgfsyssoftpath
.code.tex
File: pgfsyssoftpath.code.tex 2005/06/29 (rcs-revision 1.1.1.1)
)
(/u/alarios2/texmf/tex/latex/pgf/pgf-1.01/generic/pgf/systemlayer/pgfsysprotocol
.code.tex
File: pgfsysprotocol.code.tex 2005/06/29 (rcs-revision 1.1.1.1)
))
(/u/alarios2/texmf/tex/latex/pgf/pgf-1.01/generic/pgf/basiclayer/pgfcore.code.te
x
Package: pgfcore 2005/10/25 v1.01 (rcs-revision 1.3)

(/u/alarios2/texmf/tex/latex/pgf/pgf-1.01/generic/pgf/basiclayer/pgfcoremath.cod
e.tex
File: pgfcoremath.code.tex 2005/06/29 (rcs-revision 1.1.1.1)
\c@pgf@counta=\count185
\c@pgf@countb=\count186
\c@pgf@countc=\count187
\c@pgf@countd=\count188
)
(/u/alarios2/texmf/tex/latex/pgf/pgf-1.01/generic/pgf/basiclayer/pgfcorepoints.c
ode.tex
File: pgfcorepoints.code.tex 2005/06/29 (rcs-revision 1.1.1.1)
\pgf@picminx=\dimen166
\pgf@picmaxx=\dimen167
\pgf@picminy=\dimen168
\pgf@picmaxy=\dimen169
\pgf@pathminx=\dimen170
\pgf@pathmaxx=\dimen171
\pgf@pathminy=\dimen172
\pgf@pathmaxy=\dimen173
\pgf@tempdim=\dimen174
\c@pgf@tempcount=\count189
\pgf@xx=\dimen175
\pgf@xy=\dimen176
\pgf@yx=\dimen177
\pgf@yy=\dimen178
\pgf@zx=\dimen179
\pgf@zy=\dimen180
)
(/u/alarios2/texmf/tex/latex/pgf/pgf-1.01/generic/pgf/basiclayer/pgfcorepathcons
truct.code.tex
File: pgfcorepathconstruct.code.tex 2005/10/25 (rcs-revision 1.1)
\pgf@path@lastx=\dimen181
\pgf@path@lasty=\dimen182
)
(/u/alarios2/texmf/tex/latex/pgf/pgf-1.01/generic/pgf/basiclayer/pgfcorepathusag
e.code.tex
File: pgfcorepathusage.code.tex 2005/07/17 (rcs-revision 1.2)
\pgf@shorten@end@additional=\dimen183
\pgf@shorten@start@additional=\dimen184
)
(/u/alarios2/texmf/tex/latex/pgf/pgf-1.01/generic/pgf/basiclayer/pgfcorescopes.c
ode.tex
File: pgfcorescopes.code.tex 2005/11/15 (rcs-revision 1.12)
\pgfpic=\box66
\pgf@hbox=\box67
\pgf@layerbox@main=\box68
)
(/u/alarios2/texmf/tex/latex/pgf/pgf-1.01/generic/pgf/basiclayer/pgfcoregraphics
tate.code.tex
File: pgfcoregraphicstate.code.tex 2005/09/21 (rcs-revision 1.3)
\pgflinewidth=\dimen185
)
(/u/alarios2/texmf/tex/latex/pgf/pgf-1.01/generic/pgf/basiclayer/pgfcoretransfor
mations.code.tex
File: pgfcoretransformations.code.tex 2005/06/29 (rcs-revision 1.1.1.1)
\pgf@pt@x=\dimen186
\pgf@pt@y=\dimen187
\pgf@pt@temp=\dimen188
)
(/u/alarios2/texmf/tex/latex/pgf/pgf-1.01/generic/pgf/basiclayer/pgfcorequick.co
de.tex
File: pgfcorequick.code.tex 2005/06/29 (rcs-revision 1.1.1.1)
)
(/u/alarios2/texmf/tex/latex/pgf/pgf-1.01/generic/pgf/basiclayer/pgfcoreobjects.
code.tex
File: pgfcoreobjects.code.tex 2005/06/29 (rcs-revision 1.1.1.1)
)
(/u/alarios2/texmf/tex/latex/pgf/pgf-1.01/generic/pgf/basiclayer/pgfcorepathproc
essing.code.tex
File: pgfcorepathprocessing.code.tex 2005/10/03 (rcs-revision 1.2)
)
(/u/alarios2/texmf/tex/latex/pgf/pgf-1.01/generic/pgf/basiclayer/pgfcorearrows.c
ode.tex
File: pgfcorearrows.code.tex 2005/07/10 (rcs-revision 1.2)
)
(/u/alarios2/texmf/tex/latex/pgf/pgf-1.01/generic/pgf/basiclayer/pgfcoreshade.co
de.tex
File: pgfcoreshade.code.tex 2005/07/17 (rcs-revision 1.3)
\pgf@max=\dimen189
\pgf@sys@shading@range@num=\count190
)))
(/u/alarios2/texmf/tex/latex/pgf/pgf-1.01/latex/pgf/basiclayer/pgfbaseshapes.sty

(/u/alarios2/texmf/tex/latex/pgf/pgf-1.01/generic/pgf/basiclayer/pgfbaseshapes.c
ode.tex
Package: pgfbaseshapes 2005/10/13 v1.01 (rcs-revision 1.9)
\pgfnodeparttextbox=\box69
))
(/u/alarios2/texmf/tex/latex/pgf/pgf-1.01/latex/pgf/basiclayer/pgfbaseplot.sty
(/u/alarios2/texmf/tex/latex/pgf/pgf-1.01/generic/pgf/basiclayer/pgfbaseplot.cod
e.tex
Package: pgfbaseplot 2005/07/06 v1.01 (rcs-revision 1.2)
\pgf@plotwrite=\write3
))
(/u/alarios2/texmf/tex/latex/pgf/pgf-1.01/latex/pgf/basiclayer/pgfbaseimage.sty
(/u/alarios2/texmf/tex/latex/pgf/pgf-1.01/generic/pgf/basiclayer/pgfbaseimage.co
de.tex
Package: pgfbaseimage 2005/07/06 v1.01 (rcs-revision 1.2)
))
(/u/alarios2/texmf/tex/latex/pgf/pgf-1.01/latex/pgf/basiclayer/pgfbaselayers.sty

(/u/alarios2/texmf/tex/latex/pgf/pgf-1.01/generic/pgf/basiclayer/pgfbaselayers.c
ode.tex
Package: pgfbaselayers 2005/10/24 v1.01 (rcs-revision 1.2)
))
(/u/alarios2/texmf/tex/latex/pgf/pgf-1.01/latex/pgf/basiclayer/pgfbasesnakes.sty

(/u/alarios2/texmf/tex/latex/pgf/pgf-1.01/generic/pgf/basiclayer/pgfbasesnakes.c
ode.tex
Package: pgfbasesnakes 2005/10/25 v1.01 (rcs-revision 1.6)
\pgfsnakeremainingdistance=\dimen190
\pgfsnakecompleteddistance=\dimen191
))
(/u/alarios2/texmf/tex/latex/pgf/pgf-1.01/latex/pgf/compatibility/pgfcomp-versio
n-0-65.sty
Package: pgfcomp-version-0-65 2005/11/14 v1.01 (rcs-revision 1.3)
\pgf@nodesepstart=\dimen192
\pgf@nodesepend=\dimen193
))
(/u/alarios2/texmf/tex/latex/pgf/pgf-1.01/latex/pgf/utilities/pgffor.sty
(/u/alarios2/texmf/tex/latex/pgf/pgf-1.01/generic/pgf/utilities/pgffor.code.tex
Package: pgffor 2005/07/06 v1.01 (rcs-revision 1.2)
\pgffor@iter=\dimen194
\pgffor@skip=\dimen195
))
(/u/alarios2/texmf/tex/latex/pgf/pgf-1.01/latex/pgf/libraries/pgflibraryplothand
lers.sty
(/u/alarios2/texmf/tex/latex/pgf/pgf-1.01/generic/pgf/libraries/pgflibraryplotha
ndlers.code.tex
Package: pgflibraryplothandlers 2005/07/06 v1.01 (rcs-revision 1.3)
\pgfplotmarksize=\dimen196
))
(/u/alarios2/texmf/tex/latex/pgf/pgf-1.01/generic/pgf/frontendlayer/tikz.code.te
x
Package: tikz 2005/11/09 v1.01 (rcs-revision 1.35)
\tikz@lastx=\dimen197
\tikz@lasty=\dimen198
\tikz@lastxsaved=\dimen199
\tikz@lastysaved=\dimen200
\tikzleveldistance=\dimen201
\tikzsiblingdistance=\dimen202
\tikz@figbox=\box70
\tikz@tempbox=\box71
\tikztreelevel=\count191
\tikznumberofchildren=\count192
\tikznumberofcurrentchild=\count193
\tikz@fig@count=\count194
\tikz@expandcount=\count195
))
\c@@todonotes@numberoftodonotes=\count196
) (/usr/share/texmf/tex/latex/jknapltx/mathrsfs.sty
Package: mathrsfs 1996/01/01 Math RSFS package v1.0 (jk)
\symrsfs=\mathgroup7
)
(/usr/share/texmf/tex/latex/base/fontenc.sty
Package: fontenc 2005/09/27 v1.99g Standard LaTeX package
)
(/usr/share/texmf/tex/latex/base/inputenc.sty
Package: inputenc 2008/03/30 v1.1d Input encoding file
\inpenc@prehook=\toks59
\inpenc@posthook=\toks60
)
(/usr/share/texmf/tex/latex/tools/verbatim.sty
Package: verbatim 2003/08/22 v1.5q LaTeX2e package for verbatim enhancements
\every@verbatim=\toks61
\verbatim@line=\toks62
\verbatim@in@stream=\read2
)
(/usr/share/texmf/tex/latex/microtype/microtype.sty
Package: microtype 2010/01/10 v2.4 Micro-typography with pdfTeX (RS)
\MT@toks=\toks63
\MT@count=\count197
LaTeX Info: Redefining \lsstyle on input line 1597.
LaTeX Info: Redefining \lslig on input line 1597.
\MT@outer@space=\skip68
LaTeX Info: Redefining \textls on input line 1605.
\MT@outer@kern=\dimen203
LaTeX Info: Redefining \textmicrotypecontext on input line 2156.
Package microtype Info: Loading configuration file microtype.cfg.

(/usr/share/texmf/tex/latex/microtype/microtype.cfg
File: microtype.cfg 2010/01/10 v2.4 microtype main configuration file (RS)
))
\c@theorem=\count198

(/usr/share/texmf/tex/latex/natbib/natbib.sty
Package: natbib 2009/11/07 8.31a (PWD, AO)
\bibhang=\skip69
\bibsep=\skip70
LaTeX Info: Redefining \cite on input line 694.
\c@NAT@ctr=\count199
)
(/usr/share/texmf/tex/latex/hyperref/hyperref.sty
Package: hyperref 2010/06/18 v6.81g Hypertext links for LaTeX

(/usr/share/texmf/tex/generic/oberdiek/ltxcmds.sty
Package: ltxcmds 2010/04/26 v1.7 LaTeX kernel commands for general use (HO)
)
(/usr/share/texmf/tex/generic/oberdiek/kvsetkeys.sty
Package: kvsetkeys 2010/03/01 v1.9 Key value parser (HO)

(/usr/share/texmf/tex/generic/oberdiek/infwarerr.sty
Package: infwarerr 2010/04/08 v1.3 Providing info/warning/message (HO)
)
(/usr/share/texmf/tex/generic/oberdiek/etexcmds.sty
Package: etexcmds 2010/01/28 v1.3 Prefix for e-TeX command names (HO)
Package etexcmds Info: Could not find \expanded.
(etexcmds)             That can mean that you are not using pdfTeX 1.50 or
(etexcmds)             that some package has redefined \expanded.
(etexcmds)             In the latter case, load this package earlier.
))
(/usr/share/texmf/tex/generic/oberdiek/pdfescape.sty
Package: pdfescape 2010/03/01 v1.9 Provides hex, PDF name and string conversion
s (HO)

(/usr/share/texmf/tex/generic/oberdiek/pdftexcmds.sty
Package: pdftexcmds 2010/04/01 v0.9 Utility functions of pdfTeX for LuaTeX (HO)


(/usr/share/texmf/tex/generic/oberdiek/ifluatex.sty
Package: ifluatex 2010/03/01 v1.3 Provides the ifluatex switch (HO)
Package ifluatex Info: LuaTeX not detected.
)
Package pdftexcmds Info: LuaTeX not detected.
Package pdftexcmds Info: \pdf@primitive is available.
Package pdftexcmds Info: \pdf@ifprimitive is available.
))
(/usr/share/texmf/tex/generic/oberdiek/ifpdf.sty
Package: ifpdf 2010/01/28 v2.1 Provides the ifpdf switch (HO)
Package ifpdf Info: pdfTeX in pdf mode detected.
)
(/usr/share/texmf/tex/generic/oberdiek/ifvtex.sty
Package: ifvtex 2010/03/01 v1.5 Switches for detecting VTeX and its modes (HO)
Package ifvtex Info: VTeX not detected.
)
(/usr/share/texmf/tex/generic/ifxetex/ifxetex.sty
Package: ifxetex 2009/01/23 v0.5 Provides ifxetex conditional
)
(/usr/share/texmf/tex/latex/oberdiek/hycolor.sty
Package: hycolor 2009/12/12 v1.6 Color options of hyperref/bookmark (HO)

(/usr/share/texmf/tex/latex/oberdiek/xcolor-patch.sty
Package: xcolor-patch 2009/12/12 xcolor patch
))
(/usr/share/texmf/tex/latex/oberdiek/letltxmacro.sty
Package: letltxmacro 2008/06/24 v1.3 Let assignment for LaTeX macros (HO)
)
\@linkdim=\dimen204
\Hy@linkcounter=\count200
\Hy@pagecounter=\count201

(/usr/share/texmf/tex/latex/hyperref/pd1enc.def
File: pd1enc.def 2010/06/18 v6.81g Hyperref: PDFDocEncoding definition (HO)
)
(/usr/share/texmf/tex/generic/oberdiek/intcalc.sty
Package: intcalc 2007/09/27 v1.1 Expandable integer calculations (HO)
)
(/usr/share/texmf/tex/latex/latexconfig/hyperref.cfg
File: hyperref.cfg 2002/06/06 v1.2 hyperref configuration of TeXLive
)
(/usr/share/texmf/tex/latex/oberdiek/kvoptions.sty
Package: kvoptions 2010/02/22 v3.7 Keyval support for LaTeX options (HO)
)
Package hyperref Info: Option `colorlinks' set `true' on input line 3577.
Package hyperref Info: Hyper figures OFF on input line 3658.
Package hyperref Info: Link nesting OFF on input line 3663.
Package hyperref Info: Hyper index ON on input line 3666.
Package hyperref Info: Plain pages OFF on input line 3673.
Package hyperref Info: Backreferencing OFF on input line 3678.

Implicit mode ON; LaTeX internals redefined
Package hyperref Info: Bookmarks ON on input line 3874.
(/usr/share/texmf/tex/latex/url/url.sty
\Urlmuskip=\muskip11
Package: url 2006/04/12  ver 3.3  Verb mode for urls, etc.
)
LaTeX Info: Redefining \url on input line 4159.

(/usr/share/texmf/tex/generic/oberdiek/bitset.sty
Package: bitset 2007/09/28 v1.0 Data type bit set (HO)

(/usr/share/texmf/tex/generic/oberdiek/bigintcalc.sty
Package: bigintcalc 2007/11/11 v1.1 Expandable big integer calculations (HO)
))
\Fld@menulength=\count202
\Field@Width=\dimen205
\Fld@charsize=\dimen206
\Field@toks=\toks64
Package hyperref Info: Hyper figures OFF on input line 5137.
Package hyperref Info: Link nesting OFF on input line 5142.
Package hyperref Info: Hyper index ON on input line 5145.
Package hyperref Info: backreferencing OFF on input line 5152.
Package hyperref Info: Link coloring ON on input line 5155.
Package hyperref Info: Link coloring with OCG OFF on input line 5162.
Package hyperref Info: PDF/A mode OFF on input line 5167.
LaTeX Info: Redefining \ref on input line 5207.
LaTeX Info: Redefining \pageref on input line 5211.

(/usr/share/texmf/tex/generic/oberdiek/atbegshi.sty
Package: atbegshi 2010/03/25 v1.12 At begin shipout hook (HO)
)
\Hy@abspage=\count203
\c@Item=\count204
\c@Hfootnote=\count205
)
* hyperref using default driver hpdftex *
(/usr/share/texmf/tex/latex/hyperref/hpdftex.def
File: hpdftex.def 2010/06/18 v6.81g Hyperref driver for pdfTeX

(/usr/share/texmf/tex/latex/oberdiek/atveryend.sty
Package: atveryend 2010/03/24 v1.5 Hooks at very end of document (HO)
Package atveryend Info: \enddocument detected (standard).
)
\Fld@listcount=\count206
\c@bookmark@seq@number=\count207

(/usr/share/texmf/tex/latex/oberdiek/rerunfilecheck.sty
Package: rerunfilecheck 2010/03/16 v1.6 Rerun checks for auxiliary files (HO)

(/usr/share/texmf/tex/generic/oberdiek/uniquecounter.sty
Package: uniquecounter 2009/12/18 v1.1 Provides unlimited unique counter (HO)
)
Package uniquecounter Info: New unique counter `rerunfilecheck' on input line 2
71.
)
\Hy@SectionHShift=\skip71
)
\c@my_counter=\count208

(./Larios_Paper_Template.aux)
\openout1 = `Larios_Paper_Template.aux'.

LaTeX Font Info:    Checking defaults for OML/cmm/m/it on input line 340.
LaTeX Font Info:    ... okay on input line 340.
LaTeX Font Info:    Checking defaults for T1/cmr/m/n on input line 340.
LaTeX Font Info:    ... okay on input line 340.
LaTeX Font Info:    Checking defaults for OT1/cmr/m/n on input line 340.
LaTeX Font Info:    ... okay on input line 340.
LaTeX Font Info:    Checking defaults for OMS/cmsy/m/n on input line 340.
LaTeX Font Info:    ... okay on input line 340.
LaTeX Font Info:    Checking defaults for OMX/cmex/m/n on input line 340.
LaTeX Font Info:    ... okay on input line 340.
LaTeX Font Info:    Checking defaults for U/cmr/m/n on input line 340.
LaTeX Font Info:    ... okay on input line 340.
LaTeX Font Info:    Checking defaults for PD1/pdf/m/n on input line 340.
LaTeX Font Info:    ... okay on input line 340.
LaTeX Font Info:    Try loading font information for U+msa on input line 340.
 (/usr/share/texmf/tex/latex/amsfonts/umsa.fd
File: umsa.fd 2009/06/22 v3.00 AMS symbols A
)
LaTeX Font Info:    Try loading font information for U+msb on input line 340.

(/usr/share/texmf/tex/latex/amsfonts/umsb.fd
File: umsb.fd 2009/06/22 v3.00 AMS symbols B
)
LaTeX Font Info:    Try loading font information for U+lasy on input line 340.

(/usr/share/texmf/tex/latex/base/ulasy.fd
File: ulasy.fd 1998/08/17 v2.2e LaTeX symbol font definitions
)
LaTeX Font Info:    Try loading font information for U+rsfs on input line 340.

(/usr/share/texmf/tex/latex/jknapltx/ursfs.fd
File: ursfs.fd 1998/03/24 rsfs font definition file (jk)
)
(/usr/share/texmf/tex/context/base/supp-pdf.mkii
[Loading MPS to PDF converter (version 2006.09.02).]
\scratchcounter=\count209
\scratchdimen=\dimen207
\scratchbox=\box72
\nofMPsegments=\count210
\nofMParguments=\count211
\everyMPshowfont=\toks65
\MPscratchCnt=\count212
\MPscratchDim=\dimen208
\MPnumerator=\count213
\everyMPtoPDFconversion=\toks66
) (/usr/share/texmf/tex/latex/oberdiek/epstopdf-base.sty
Package: epstopdf-base 2010/02/09 v2.5 Base part for package epstopdf

(/usr/share/texmf/tex/latex/oberdiek/grfext.sty
Package: grfext 2007/09/30 v1.0 Managing graphics extensions (HO)
)
Package grfext Info: Graphics extension search list:
(grfext)             [.png,.pdf,.jpg,.mps,.jpeg,.jbig2,.jb2,.PNG,.PDF,.JPG,.JPE
G,.JBIG2,.JB2,.eps]
(grfext)             \AppendGraphicsExtensions on input line 436.

(/usr/share/texmf/tex/latex/latexconfig/epstopdf-sys.cfg
File: epstopdf-sys.cfg 2010/07/13 v1.3 Configuration of (r)epstopdf for TeX Liv
e
))
! Undefined control sequence.
<argument> \inputencodingname 
                              
l.340 \begin{document}
                      
? 

(/usr/share/texmf/tex/latex/beamer/translator/dicts/translator-basic-dictionary
/translator-basic-dictionary-English.dict
Dictionary: translator-basic-dictionary, Language: English 
)
LaTeX Info: Redefining \microtypecontext on input line 340.
Package microtype Info: Generating PDF output.
Package microtype Info: Character protrusion enabled (level 2).
Package microtype Info: Using default protrusion set `alltext'.
Package microtype Info: Automatic font expansion enabled (level 2),
(microtype)             stretch: 20, shrink: 20, step: 1, non-selected.
Package microtype Info: Using default expansion set `basictext'.
Package microtype Info: No tracking.
Package microtype Info: No adjustment of interword spacing.
Package microtype Info: No adjustment of character kerning.

(/usr/share/texmf/tex/latex/microtype/mt-cmr.cfg
File: mt-cmr.cfg 2009/11/09 v2.0 microtype config. file: Computer Modern Roman 
(RS)
)
\AtBeginShipoutBox=\box73
Package hyperref Info: Link coloring ON on input line 340.

(/usr/share/texmf/tex/latex/hyperref/nameref.sty
Package: nameref 2010/04/30 v2.40 Cross-referencing by name of section

(/usr/share/texmf/tex/latex/oberdiek/refcount.sty
Package: refcount 2008/08/11 v3.1 Data extraction from references (HO)
)
(/usr/share/texmf/tex/generic/oberdiek/gettitlestring.sty
Package: gettitlestring 2009/12/18 v1.3 Cleanup title references (HO)
)
\c@section@level=\count214
)
LaTeX Info: Redefining \ref on input line 340.
LaTeX Info: Redefining \pageref on input line 340.
LaTeX Info: Redefining \nameref on input line 340.

(./Larios_Paper_Template.out) (./Larios_Paper_Template.out)
\@outlinefile=\write4
\openout4 = `Larios_Paper_Template.out'.

\c_siunitx_mathsf_int=\count215

(/usr/share/texmf/tex/latex/microtype/mt-msa.cfg
File: mt-msa.cfg 2006/02/04 v1.1 microtype config. file: AMS symbols (a) (RS)
)
(/usr/share/texmf/tex/latex/microtype/mt-msb.cfg
File: mt-msb.cfg 2005/06/01 v1.0 microtype config. file: AMS symbols (b) (RS)
)
\c_siunitx_mathtt_int=\count216
 [1{/var/lib/texmf/fonts/map/pdftex/updmap/pdftex.map}] (./Larios_Paper_Templat
e.bbl)
Package atveryend Info: Empty hook `BeforeClearDocument' on input line 513.
 [2]
Package atveryend Info: Empty hook `AfterLastShipout' on input line 513.

(./Larios_Paper_Template.aux)
Package atveryend Info: Executing hook `AtVeryEndDocument' on input line 513.
Package rerunfilecheck Info: File `Larios_Paper_Template.out' has not changed.
(rerunfilecheck)             Checksum: E069424ED1C1264B8DB90C72E7C0EF9A;268.
 ) 
Here is how much of TeX's memory you used:
 18192 strings out of 493747
 330142 string characters out of 3151242
 408973 words of memory out of 3500000
 20811 multiletter control sequences out of 15000+200000
 18282 words of font info for 92 fonts, out of 3000000 for 9000
 875 hyphenation exceptions out of 8191
 51i,12n,51p,457b,606s stack positions out of 5000i,500n,10000p,200000b,50000s
</usr/share/texmf/fonts/type1/public/amsfonts/cm/cmbx10.pfb></usr/share/texmf
/fonts/type1/public/amsfonts/cm/cmbx8.pfb></usr/share/texmf/fonts/type1/public/
amsfonts/cm/cmcsc10.pfb></usr/share/texmf/fonts/type1/public/amsfonts/cm/cmex10
.pfb></usr/share/texmf/fonts/type1/public/amsfonts/cm/cmmi10.pfb></usr/share/te
xmf/fonts/type1/public/amsfonts/cm/cmmi6.pfb></usr/share/texmf/fonts/type1/publ
ic/amsfonts/cm/cmmi8.pfb></usr/share/texmf/fonts/type1/public/amsfonts/cm/cmr10
.pfb></usr/share/texmf/fonts/type1/public/amsfonts/cm/cmr12.pfb></usr/share/tex
mf/fonts/type1/public/amsfonts/cm/cmr6.pfb></usr/share/texmf/fonts/type1/public
/amsfonts/cm/cmr8.pfb></usr/share/texmf/fonts/type1/public/amsfonts/cm/cmr9.pfb
></usr/share/texmf/fonts/type1/public/amsfonts/cm/cmsy10.pfb></usr/share/texmf/
fonts/type1/public/amsfonts/cm/cmsy6.pfb></usr/share/texmf/fonts/type1/public/a
msfonts/cm/cmsy8.pfb></usr/share/texmf/fonts/type1/public/amsfonts/cm/cmti10.pf
b></usr/share/texmf/fonts/type1/public/amsfonts/cm/cmti8.pfb></usr/share/texmf/
fonts/type1/public/amsfonts/cm/cmti9.pfb></usr/share/texmf/fonts/type1/public/a
msfonts/cm/cmtt10.pfb></usr/share/texmf/fonts/type1/public/amsfonts/cm/cmtt9.pf
b></usr/share/texmf/fonts/type1/public/amsfonts/latxfont/line10.pfb></usr/share
/texmf/fonts/type1/public/amsfonts/symbols/msbm10.pfb>
Output written on Larios_Paper_Template.pdf (2 pages, 238063 bytes).
PDF statistics:
 150 PDF objects out of 1000 (max. 8388607)
 122 compressed objects within 2 object streams
 18 named destinations out of 1000 (max. 500000)
 22577 words of extra memory for PDF output out of 24883 (max. 10000000)

